Job ID: 69368
Node: node002
Starting: 07/06/26 15:14:22
[transformers] `torch_dtype` is deprecated! Use `dtype` instead!
Free: 47.17 GB | Total: 47.43 GB
Loading weights:   0%|          | 0/415 [00:00<?, ?it/s]Loading weights: 100%|██████████| 415/415 [00:00<00:00, 6438.67it/s]
/storage/mlinderman/projects/sv/npsv3-experiments/training/hgsvc3-hprc-2024-02-23.dipcall.passing.hg38.eval-images/HG00733/generator=coverage,pileup=unphased,simulation.replicates=1/images-{0000..0007}.tar already exists.
DO WE MAKE IT THIS FAR?

Starting InfoNCE training for 15 epochs...
InfoNCE Epoch 1/15, Loss: 1.3268, Match Accuracy: 0.5162, Max Samples: 800, LR: 0.013, pos_weight: 1.0
R Mapping Weights (First 16 elements): [-0.04744063317775726, 0.10795705020427704, 0.08228057622909546, -0.21852520108222961, 0.16082043945789337, -0.02798660472035408, -0.21587517857551575, -0.14235709607601166, -0.16110043227672577, -0.08587866276502609, -0.16125623881816864, -0.11066468805074692, -0.0693417489528656, 0.2949468791484833, 0.0579012893140316, -0.10425753891468048]
G Mapping Weights (First 16 elements): [-0.04914339259266853, -0.02162962220609188, -0.13611778616905212, -0.15853214263916016, 0.07329116016626358, -0.06569603830575943, -0.08851359784603119, 0.15333154797554016, -0.30906713008880615, -0.011511613614857197, -0.19230131804943085, 0.2658998966217041, -0.053651176393032074, 0.2010752111673355, 0.09593527764081955, -0.23211640119552612]
B Mapping Weights (First 16 elements): [0.10188725590705872, 0.21373803913593292, -0.15825237333774567, -0.01603272743523121, -0.012846884317696095, -0.030768953263759613, 0.09059470146894455, -0.10599884390830994, 0.2201922982931137, -0.21491774916648865, -0.3139832317829132, 0.01738329604268074, -0.15957027673721313, 0.08238007873296738, 0.15823867917060852, 0.06699874997138977]
Free: 38.92 GB | Total: 47.43 GB
------------------------------------------------------------
InfoNCE Epoch 2/15, Loss: 0.9586, Match Accuracy: 0.6963, Max Samples: 800, LR: 0.013, pos_weight: 1.0
R Mapping Weights (First 16 elements): [-0.04787725210189819, 0.11484723538160324, 0.08013307303190231, -0.28173232078552246, 0.161459282040596, -0.02722175419330597, -0.25006669759750366, -0.12042506039142609, -0.24660758674144745, -0.07427645474672318, -0.29236650466918945, -0.2084703892469406, -0.07174892723560333, 0.35511523485183716, 0.05868980661034584, -0.10380339622497559]
G Mapping Weights (First 16 elements): [-0.04817342013120651, -0.026980211958289146, -0.1352584809064865, -0.20202603936195374, 0.07265219837427139, -0.06646702438592911, -0.16055133938789368, 0.11884504556655884, -0.264755517244339, -0.03379208594560623, -0.2577929198741913, 0.32290780544281006, -0.05161195993423462, 0.17482835054397583, 0.09514632076025009, -0.2328343540430069]
B Mapping Weights (First 16 elements): [0.10165338218212128, 0.19992871582508087, -0.1592993140220642, -0.0427214689552784, -0.012205169536173344, -0.030000701546669006, 0.08560598641633987, -0.071137435734272, 0.20697101950645447, -0.13332988321781158, -0.2466929852962494, 0.06708911806344986, -0.15601575374603271, -0.044530801475048065, 0.15744976699352264, 0.06651180237531662]
Free: 38.93 GB | Total: 47.43 GB
------------------------------------------------------------
InfoNCE Epoch 3/15, Loss: 0.8800, Match Accuracy: 0.7000, Max Samples: 800, LR: 0.013, pos_weight: 1.0
R Mapping Weights (First 16 elements): [-0.047573272138834, 0.0813523605465889, 0.08011782914400101, -0.28776416182518005, 0.16146381199359894, -0.027216322720050812, -0.2735060453414917, -0.11326584219932556, -0.3308047652244568, -0.12347929924726486, -0.28662747144699097, -0.21340429782867432, -0.07176603376865387, 0.41004788875579834, 0.05869540572166443, -0.10380017757415771]
G Mapping Weights (First 16 elements): [-0.048346273601055145, 0.011385749094188213, -0.13525237143039703, -0.21961043775081635, 0.07264766097068787, -0.06647251546382904, -0.17978209257125854, 0.17110636830329895, -0.3152066171169281, 0.09498168528079987, -0.22778832912445068, 0.37155112624168396, -0.05159749835729599, 0.2190733402967453, 0.09514070302248001, -0.2328394204378128]
B Mapping Weights (First 16 elements): [0.1010577455163002, 0.23711436986923218, -0.15930676460266113, -0.12465350329875946, -0.012200616300106049, -0.029995251446962357, -0.06709516048431396, -0.1495281457901001, 0.1496211141347885, -0.2753582298755646, -0.3787754774093628, -0.009071476757526398, -0.15599049627780914, 0.0467965304851532, 0.15744416415691376, 0.06650836020708084]
Free: 38.92 GB | Total: 47.43 GB
------------------------------------------------------------
InfoNCE Epoch 4/15, Loss: 0.7828, Match Accuracy: 0.7562, Max Samples: 800, LR: 0.013, pos_weight: 1.0
R Mapping Weights (First 16 elements): [-0.04756755009293556, 0.05764387920498848, 0.08011775463819504, -0.27653124928474426, 0.16146381199359894, -0.027216294780373573, -0.31508609652519226, -0.16991139948368073, -0.398194283246994, -0.16956615447998047, -0.32597050070762634, -0.27012014389038086, -0.07176611572504044, 0.4344237148761749, 0.05869543179869652, -0.10380017757415771]
G Mapping Weights (First 16 elements): [-0.04834889620542526, 0.007312305271625519, -0.13525237143039703, -0.22629012167453766, 0.07264766097068787, -0.06647251546382904, -0.1821414679288864, 0.03502326458692551, -0.31331557035446167, -0.047752730548381805, -0.25834834575653076, 0.3864765465259552, -0.05159729719161987, 0.2204558253288269, 0.09514070302248001, -0.2328394204378128]
B Mapping Weights (First 16 elements): [0.10104712843894958, 0.22099368274211884, -0.15930676460266113, -0.057529665529727936, -0.012200591154396534, -0.029995223507285118, -0.006440787110477686, -0.12449061125516891, 0.17953218519687653, -0.27862548828125, -0.32743513584136963, -0.027735210955142975, -0.15599028766155243, 0.03175578638911247, 0.15744416415691376, 0.06650836020708084]
Free: 38.93 GB | Total: 47.43 GB
------------------------------------------------------------
InfoNCE Epoch 5/15, Loss: 0.7316, Match Accuracy: 0.7900, Max Samples: 800, LR: 0.013, pos_weight: 1.0
R Mapping Weights (First 16 elements): [-0.04756752774119377, 0.08685526251792908, 0.08011775463819504, -0.3172832131385803, 0.16146381199359894, -0.027216294780373573, -0.30036449432373047, -0.14020314812660217, -0.3891223669052124, -0.09826773405075073, -0.29736390709877014, -0.2816217243671417, -0.07176611572504044, 0.4448469281196594, 0.05869543179869652, -0.10380017757415771]
G Mapping Weights (First 16 elements): [-0.04834889620542526, -0.012118649668991566, -0.13525237143039703, -0.1862955540418625, 0.07264766097068787, -0.06647251546382904, -0.17817337810993195, -0.04424256831407547, -0.3142452538013458, -0.15072116255760193, -0.2991139590740204, 0.3875686526298523, -0.05159716308116913, 0.18613201379776, 0.09514070302248001, -0.2328394204378128]
B Mapping Weights (First 16 elements): [0.101047083735466, 0.20978005230426788, -0.15930676460266113, -0.07052252441644669, -0.012200591154396534, -0.029995223507285118, -0.04314923658967018, -0.122263103723526, 0.11137549579143524, -0.352262943983078, -0.3699112832546234, -0.06813950836658478, -0.15599024295806885, 0.16139638423919678, 0.15744416415691376, 0.06650836020708084]
Free: 38.92 GB | Total: 47.43 GB
------------------------------------------------------------
InfoNCE Epoch 6/15, Loss: 0.7431, Match Accuracy: 0.7900, Max Samples: 800, LR: 0.013, pos_weight: 1.0
R Mapping Weights (First 16 elements): [-0.04747232794761658, 0.06832754611968994, 0.08011775463819504, -0.34219738841056824, 0.16146381199359894, -0.027216294780373573, -0.32586514949798584, -0.1285770833492279, -0.4150141775608063, -0.11135628074407578, -0.3057892620563507, -0.32374629378318787, -0.07176613062620163, 0.4343736171722412, 0.05869543179869652, -0.10380017757415771]
G Mapping Weights (First 16 elements): [-0.048372138291597366, 0.026261484250426292, -0.13525237143039703, -0.1910185068845749, 0.07264766097068787, -0.06647251546382904, -0.18852265179157257, -0.03253041207790375, -0.31433308124542236, -0.05044778436422348, -0.23712414503097534, 0.3672037422657013, -0.05159740895032883, 0.2310539186000824, 0.09514070302248001, -0.2328394204378128]
B Mapping Weights (First 16 elements): [0.10122082382440567, 0.22772864997386932, -0.15930426120758057, -0.08246186375617981, -0.012200591154396534, -0.029995223507285118, -0.02773408405482769, -0.16258558630943298, 0.12883327901363373, -0.421943336725235, -0.3875108063220978, -0.10052508860826492, -0.15599066019058228, 0.20077969133853912, 0.15744416415691376, 0.06650836020708084]
Free: 38.93 GB | Total: 47.43 GB
------------------------------------------------------------
InfoNCE Epoch 7/15, Loss: 0.6897, Match Accuracy: 0.8100, Max Samples: 800, LR: 0.013, pos_weight: 1.0
R Mapping Weights (First 16 elements): [-0.04765254259109497, 0.032443054020404816, 0.08011775463819504, -0.3216966688632965, 0.16146381199359894, -0.027216294780373573, -0.3789229393005371, -0.0618073008954525, -0.41658398509025574, -0.11313484609127045, -0.28111979365348816, -0.2915891110897064, -0.07182404398918152, 0.47563016414642334, 0.05869543179869652, -0.10380017757415771]
G Mapping Weights (First 16 elements): [-0.047871530055999756, 0.02518371120095253, -0.13525237143039703, -0.19162411987781525, 0.07264766097068787, -0.06647251546382904, -0.20051337778568268, -0.02808125875890255, -0.3488703966140747, -0.0432012714445591, -0.26942476630210876, 0.3619705140590668, -0.051563963294029236, 0.22276659309864044, 0.09514070302248001, -0.2328394204378128]
B Mapping Weights (First 16 elements): [0.10195770859718323, 0.16510601341724396, -0.15930326282978058, -0.0659712702035904, -0.012200591154396534, -0.029995223507285118, -0.030155561864376068, -0.03855540230870247, 0.06485719978809357, -0.46403083205223083, -0.371023952960968, -0.12778571248054504, -0.15575379133224487, 0.15816622972488403, 0.15744416415691376, 0.06650836020708084]
Free: 38.92 GB | Total: 47.43 GB
------------------------------------------------------------
InfoNCE Epoch 8/15, Loss: 0.6713, Match Accuracy: 0.8200, Max Samples: 800, LR: 0.013, pos_weight: 1.0
R Mapping Weights (First 16 elements): [-0.0475984662771225, 0.0424969345331192, 0.08011775463819504, -0.32719680666923523, 0.16146381199359894, -0.027216294780373573, -0.3685152530670166, -0.020209748297929764, -0.39832961559295654, -0.08946108818054199, -0.3124920129776001, -0.26717883348464966, -0.07182445377111435, 0.4969921112060547, 0.05869543179869652, -0.10380017757415771]
G Mapping Weights (First 16 elements): [-0.04748375341296196, 0.010420377366244793, -0.13525237143039703, -0.1422189325094223, 0.07264766097068787, -0.06647251546382904, -0.22142057120800018, -0.03988874703645706, -0.3544751703739166, -0.063268281519413, -0.2967463433742523, 0.4068290591239929, -0.05155889317393303, 0.21439987421035767, 0.09514070302248001, -0.2328394204378128]
B Mapping Weights (First 16 elements): [0.101975217461586, 0.15400204062461853, -0.15930326282978058, -0.052701059728860855, -0.012200591154396534, -0.029995223507285118, 0.022282462567090988, -0.037864480167627335, 0.10861914604902267, -0.4189308285713196, -0.3579033613204956, -0.14064130187034607, -0.1557275801897049, 0.1684991419315338, 0.15744416415691376, 0.06650836020708084]
Free: 38.93 GB | Total: 47.43 GB
------------------------------------------------------------
InfoNCE Epoch 9/15, Loss: 0.6740, Match Accuracy: 0.8263, Max Samples: 800, LR: 0.013, pos_weight: 1.0
R Mapping Weights (First 16 elements): [-0.04762892425060272, 0.02936503104865551, 0.08011775463819504, -0.3312804698944092, 0.16146381199359894, -0.027216294780373573, -0.32299283146858215, -0.010000189766287804, -0.3557696044445038, -0.11725317686796188, -0.29716187715530396, -0.2855670154094696, -0.0718284472823143, 0.4861021935939789, 0.05869543179869652, -0.10380017757415771]
G Mapping Weights (First 16 elements): [-0.04750147461891174, 0.043538644909858704, -0.13525237143039703, -0.14081841707229614, 0.07264766097068787, -0.06647251546382904, -0.26685887575149536, -0.050223782658576965, -0.3872244656085968, -0.0248268973082304, -0.2835102081298828, 0.26493215560913086, -0.05156338959932327, 0.2771047353744507, 0.09514070302248001, -0.2328394204378128]
B Mapping Weights (First 16 elements): [0.10197161138057709, 0.1309754103422165, -0.15930326282978058, -0.044498033821582794, -0.012200591154396534, -0.029995223507285118, 0.03584128990769386, -0.011467407457530499, 0.12410920858383179, -0.42853012681007385, -0.35125914216041565, -0.13332894444465637, -0.1557324230670929, 0.26610833406448364, 0.15744416415691376, 0.06650836020708084]
Free: 38.92 GB | Total: 47.43 GB
------------------------------------------------------------
InfoNCE Epoch 10/15, Loss: 0.5960, Match Accuracy: 0.8600, Max Samples: 800, LR: 0.013, pos_weight: 1.0
R Mapping Weights (First 16 elements): [-0.04768575355410576, 0.013700614683330059, 0.08011775463819504, -0.37928977608680725, 0.16146381199359894, -0.027216294780373573, -0.3722897469997406, -0.05844009667634964, -0.42757096886634827, -0.16503649950027466, -0.38697025179862976, -0.2808700501918793, -0.07205548137426376, 0.4314884841442108, 0.05869543179869652, -0.10380017757415771]
G Mapping Weights (First 16 elements): [-0.04753350466489792, 0.031443092972040176, -0.13525237143039703, -0.08603031188249588, 0.07264766097068787, -0.06647251546382904, -0.24322332441806793, -0.004897827748209238, -0.3306523561477661, -0.08267662674188614, -0.2716936469078064, 0.3005787432193756, -0.05177091062068939, 0.24820536375045776, 0.09514070302248001, -0.2328394204378128]
B Mapping Weights (First 16 elements): [0.10257676988840103, 0.10381888598203659, -0.15930326282978058, -0.06788377463817596, -0.012200591154396534, -0.029995223507285118, -0.021442843601107597, -0.05371517688035965, 0.057151056826114655, -0.4242126941680908, -0.3681473731994629, -0.1693011373281479, -0.15605011582374573, 0.3152051568031311, 0.15744416415691376, 0.06650836020708084]
Free: 38.93 GB | Total: 47.43 GB
------------------------------------------------------------
InfoNCE Epoch 11/15, Loss: 0.5837, Match Accuracy: 0.8600, Max Samples: 800, LR: 0.013, pos_weight: 1.0
R Mapping Weights (First 16 elements): [-0.047266993671655655, -0.026938889175653458, 0.08011775463819504, -0.40947219729423523, 0.16146381199359894, -0.027216294780373573, -0.32205215096473694, -0.02635798789560795, -0.44850826263427734, -0.17169590294361115, -0.31991636753082275, -0.27673283219337463, -0.07487818598747253, 0.4055008292198181, 0.05869543179869652, -0.10380017757415771]
G Mapping Weights (First 16 elements): [-0.04816899448633194, 0.04910190403461456, -0.13525237143039703, -0.06874869018793106, 0.07264766097068787, -0.06647251546382904, -0.22917330265045166, -0.0335315503180027, -0.38859766721725464, -0.016293372958898544, -0.2932189106941223, 0.3434599041938782, -0.05125955492258072, 0.24245090782642365, 0.09514070302248001, -0.2328394204378128]
B Mapping Weights (First 16 elements): [0.10259611159563065, 0.10160820931196213, -0.15930326282978058, -0.05367863178253174, -0.012200591154396534, -0.029995223507285118, 0.0006739124655723572, -0.030646244063973427, 0.08717751502990723, -0.527097225189209, -0.3470146059989929, -0.27502697706222534, -0.1563044637441635, 0.28569573163986206, 0.15744416415691376, 0.06650836020708084]
Free: 38.92 GB | Total: 47.43 GB
------------------------------------------------------------
InfoNCE Epoch 12/15, Loss: 0.5213, Match Accuracy: 0.8712, Max Samples: 800, LR: 0.013, pos_weight: 1.0
R Mapping Weights (First 16 elements): [-0.04899110272526741, 0.0028027771040797234, 0.08011775463819504, -0.46735334396362305, 0.16146381199359894, -0.027216294780373573, -0.36636245250701904, -0.03203466534614563, -0.443345844745636, -0.14551925659179688, -0.3485732674598694, -0.3148295283317566, -0.07333891093730927, 0.4250081479549408, 0.05869543179869652, -0.10380017757415771]
G Mapping Weights (First 16 elements): [-0.04746020957827568, 0.032735731452703476, -0.13525237143039703, -0.07653103023767471, 0.07264766097068787, -0.06647251546382904, -0.21027860045433044, -0.0012872515944764018, -0.3840268850326538, -0.0803193598985672, -0.24493403732776642, 0.2956581711769104, -0.04778338596224785, 0.22051513195037842, 0.09514070302248001, -0.2328394204378128]
B Mapping Weights (First 16 elements): [0.10218795388936996, 0.10075433552265167, -0.15930326282978058, -0.06687536835670471, -0.012200591154396534, -0.029995223507285118, -0.013512365520000458, -0.03415955230593681, 0.06295117735862732, -0.5700147151947021, -0.37250277400016785, -0.2696225345134735, -0.15281207859516144, 0.26031944155693054, 0.15744416415691376, 0.06650836020708084]
Free: 38.93 GB | Total: 47.43 GB
------------------------------------------------------------
InfoNCE Epoch 13/15, Loss: 0.4856, Match Accuracy: 0.9062, Max Samples: 800, LR: 0.013, pos_weight: 1.0
R Mapping Weights (First 16 elements): [-0.050303541123867035, -0.0015975111164152622, 0.08011775463819504, -0.46748635172843933, 0.16146381199359894, -0.027216294780373573, -0.3693026304244995, -0.03095109388232231, -0.4602551758289337, -0.1526051163673401, -0.3597535490989685, -0.27639079093933105, -0.07332921028137207, 0.3707333207130432, 0.05869543179869652, -0.10380017757415771]
G Mapping Weights (First 16 elements): [-0.04705691710114479, 0.03614192083477974, -0.13525237143039703, -0.07243662327528, 0.07264766097068787, -0.06647251546382904, -0.1933971643447876, 0.004077093675732613, -0.35950982570648193, -0.05465228483080864, -0.22904887795448303, 0.2903587520122528, -0.04775106534361839, 0.2378627359867096, 0.09514070302248001, -0.2328394204378128]
B Mapping Weights (First 16 elements): [0.09946677088737488, 0.06725289672613144, -0.15930326282978058, -0.06863489001989365, -0.012200591154396534, -0.029995223507285118, -0.02654498815536499, 0.0007603060803376138, 0.04707951098680496, -0.6036150455474854, -0.3681011199951172, -0.25550174713134766, -0.1527586132287979, 0.2575691342353821, 0.15744416415691376, 0.06650836020708084]
Free: 38.92 GB | Total: 47.43 GB
------------------------------------------------------------
InfoNCE Epoch 14/15, Loss: 0.4840, Match Accuracy: 0.9038, Max Samples: 800, LR: 0.013, pos_weight: 1.0
R Mapping Weights (First 16 elements): [-0.05029679834842682, -0.0029454119503498077, 0.08011775463819504, -0.49513790011405945, 0.16146381199359894, -0.027216294780373573, -0.39731207489967346, -0.0366569384932518, -0.46969372034072876, -0.16533951461315155, -0.3851826786994934, -0.35447537899017334, -0.07333534210920334, 0.4056943356990814, 0.05869543179869652, -0.10363106429576874]
G Mapping Weights (First 16 elements): [-0.046969108283519745, 0.020839570090174675, -0.13525237143039703, -0.08391830325126648, 0.07264766097068787, -0.06647251546382904, -0.20080961287021637, -0.002670075511559844, -0.39734917879104614, -0.03152255341410637, -0.20709796249866486, 0.2926729917526245, -0.047723397612571716, 0.18730609118938446, 0.09514070302248001, -0.23273544013500214]
B Mapping Weights (First 16 elements): [0.09948907047510147, 0.08144888281822205, -0.15930326282978058, -0.09110318869352341, -0.012200591154396534, -0.029995223507285118, -0.013011855073273182, -0.022673483937978745, 0.07345923781394958, -0.6266313791275024, -0.3711451292037964, -0.2573291063308716, -0.15270288288593292, 0.22706447541713715, 0.15744416415691376, 0.0664980486035347]
Free: 38.93 GB | Total: 47.43 GB
------------------------------------------------------------
InfoNCE Epoch 15/15, Loss: 0.4410, Match Accuracy: 0.9250, Max Samples: 800, LR: 0.013, pos_weight: 1.0
R Mapping Weights (First 16 elements): [-0.04947283864021301, -0.019636183977127075, 0.08011775463819504, -0.4577562212944031, 0.16146381199359894, -0.027216294780373573, -0.3728116750717163, -0.0156441330909729, -0.48718878626823425, -0.11941877752542496, -0.33935457468032837, -0.32698580622673035, -0.07337649911642075, 0.39417117834091187, 0.05869543179869652, -0.10361912101507187]
G Mapping Weights (First 16 elements): [-0.0481918603181839, 0.024182569235563278, -0.13525237143039703, -0.02945580892264843, 0.07264766097068787, -0.06647251546382904, -0.1807471364736557, -0.0067756869830191135, -0.3569931983947754, -0.0448695570230484, -0.20139946043491364, 0.29703065752983093, -0.047695353627204895, 0.20515619218349457, 0.09514070302248001, -0.23272813856601715]
B Mapping Weights (First 16 elements): [0.10041246563196182, 0.08444229513406754, -0.15930326282978058, -0.0742722675204277, -0.012200591154396534, -0.029995223507285118, 0.0011149198981001973, -0.029963737353682518, 0.09401082992553711, -0.5940309166908264, -0.36695560812950134, -0.24934221804141998, -0.15267276763916016, 0.22205288708209991, 0.15744416415691376, 0.06649734079837799]
Free: 38.92 GB | Total: 47.43 GB
------------------------------------------------------------
InfoNCE training complete

Starting evaluation on the next 10 samples...
Sample 801: Guess=6, Actual=7, Secondary Label=5, Accuracy=0.00%
Sample 802: Guess=2, Actual=2, Secondary Label=1, Accuracy=50.00%
Sample 803: Guess=0, Actual=1, Secondary Label=2, Accuracy=33.33%
Sample 804: Guess=0, Actual=0, Secondary Label=-1, Accuracy=50.00%
Sample 805: Guess=1, Actual=2, Secondary Label=1, Accuracy=60.00%
Sample 806: Guess=5, Actual=5, Secondary Label=7, Accuracy=66.67%
Sample 807: Guess=3, Actual=3, Secondary Label=-1, Accuracy=71.43%
Sample 808: Guess=2, Actual=2, Secondary Label=1, Accuracy=75.00%
Sample 809: Guess=2, Actual=1, Secondary Label=2, Accuracy=77.78%
Sample 810: Guess=2, Actual=2, Secondary Label=1, Accuracy=80.00%

Evaluation complete. Total Accuracy on 10 samples: 80.00%


Confusion Matrix:
TP: 8, TN: 1, FP: 0, FN: 1


Number of Positive Samples = 9
Number of Negative Samples = 1
True Positive Accuracy: 88.88888888888889
True Negative Accuracy: 100.0
Positive Sample Accuracy: 77.77777777777779
Negative Sample Accuracy: 100.0
Ending: 07/06/26 15:45:58
